<?xml version="1.0" encoding="UTF-8"?>
<testng-results skipped="0" failed="0" ignored="0" total="1" passed="1">
  <reporter-output>
  </reporter-output>
  <suite name="Default suite" duration-ms="33" started-at="2021-10-19T17:16:45Z" finished-at="2021-10-19T17:16:45Z">
    <groups>
    </groups>
    <test name="Default test" duration-ms="33" started-at="2021-10-19T17:16:45Z" finished-at="2021-10-19T17:16:45Z">
      <class name="dataStructures.dequeue.NearlyKSortedArray">
        <test-method status="PASS" signature="test1()[pri:0, instance:dataStructures.dequeue.NearlyKSortedArray@5dfcfece]" name="test1" duration-ms="16" started-at="2021-10-19T17:16:45Z" finished-at="2021-10-19T17:16:45Z">
          <reporter-output>
          </reporter-output>
        </test-method> <!-- test1 -->
      </class> <!-- dataStructures.dequeue.NearlyKSortedArray -->
    </test> <!-- Default test -->
  </suite> <!-- Default suite -->
</testng-results>
